<?xml version="1.0" encoding="UTF-8"?>
<!-- Generated by org.testng.reporters.JUnitXMLReporter -->
<testsuite ignored="0" hostname="HarshAgarwal-FVFHG5HGQ05D" failures="3" tests="6" name="Surefire test" time="39.011" errors="0" timestamp="2023-05-16T22:30:36 IST">
  <testcase classname="com.browserstack.CloudDriverTest" name="validBSLogin" time="7.481"/>
  <testcase classname="com.browserstack.CloudDriverTest" name="validOpenLiveDashboard" time="8.808"/>
  <testcase classname="com.browserstack.CloudDriverTest" name="validOpenBrowserFromLive" time="4.417"/>
  <testcase classname="com.browserstack.CloudDriverTest" name="invalidBSLogin" time="0.475">
    <failure type="org.openqa.selenium.NoSuchSessionException" message="invalid session id
Build info: version: &amp;apos;4.9.1&amp;apos;, revision: &amp;apos;eb2032df7f&amp;apos;
System info: os.name: &amp;apos;Mac OS X&amp;apos;, os.arch: &amp;apos;aarch64&amp;apos;, os.version: &amp;apos;13.2.1&amp;apos;, java.version: &amp;apos;19.0.2&amp;apos;
Driver info: org.openqa.selenium.remote.RemoteWebDriver
Command: [2c50f399c776f5aa7a0aeaa4f9f83c41f712c542, get {url=https://www.browserstack.com/users/sign_in}]
Capabilities {acceptInsecureCerts: false, browserName: chrome, browserVersion: 113.0.5672.64, chrome: {chromedriverVersion: 113.0.5672.24 (65f30d4e8051..., userDataDir: C:\Windows\proxy\scoped_dir...}, goog:chromeOptions: {debuggerAddress: localhost:3213}, networkConnectionEnabled: false, pageLoadStrategy: normal, platformName: windows, proxy: Proxy(), se:cdpVersion: 113.0.5672.64, setWindowRect: true, strictFileInteractability: false, timeouts: {implicit: 0, pageLoad: 300000, script: 30000}, unhandledPromptBehavior: dismiss and notify, webauthn:extension:credBlob: true, webauthn:extension:largeBlob: true, webauthn:extension:minPinLength: true, webauthn:extension:prf: true, webauthn:virtualAuthenticators: true}
Session ID: 2c50f399c776f5aa7a0aeaa4f9f83c41f712c542">
      <![CDATA[org.openqa.selenium.NoSuchSessionException: invalid session id
Build info: version: '4.9.1', revision: 'eb2032df7f'
System info: os.name: 'Mac OS X', os.arch: 'aarch64', os.version: '13.2.1', java.version: '19.0.2'
Driver info: org.openqa.selenium.remote.RemoteWebDriver
Command: [2c50f399c776f5aa7a0aeaa4f9f83c41f712c542, get {url=https://www.browserstack.com/users/sign_in}]
Capabilities {acceptInsecureCerts: false, browserName: chrome, browserVersion: 113.0.5672.64, chrome: {chromedriverVersion: 113.0.5672.24 (65f30d4e8051..., userDataDir: C:\Windows\proxy\scoped_dir...}, goog:chromeOptions: {debuggerAddress: localhost:3213}, networkConnectionEnabled: false, pageLoadStrategy: normal, platformName: windows, proxy: Proxy(), se:cdpVersion: 113.0.5672.64, setWindowRect: true, strictFileInteractability: false, timeouts: {implicit: 0, pageLoad: 300000, script: 30000}, unhandledPromptBehavior: dismiss and notify, webauthn:extension:credBlob: true, webauthn:extension:largeBlob: true, webauthn:extension:minPinLength: true, webauthn:extension:prf: true, webauthn:virtualAuthenticators: true}
Session ID: 2c50f399c776f5aa7a0aeaa4f9f83c41f712c542
at org.openqa.selenium.remote.codec.w3c.W3CHttpResponseCodec.createException(W3CHttpResponseCodec.java:200)
at org.openqa.selenium.remote.codec.w3c.W3CHttpResponseCodec.decode(W3CHttpResponseCodec.java:133)
at org.openqa.selenium.remote.codec.w3c.W3CHttpResponseCodec.decode(W3CHttpResponseCodec.java:53)
at org.openqa.selenium.remote.HttpCommandExecutor.execute(HttpCommandExecutor.java:193)
at org.openqa.selenium.remote.TracedCommandExecutor.execute(TracedCommandExecutor.java:51)
at org.openqa.selenium.remote.RemoteWebDriver.execute(RemoteWebDriver.java:543)
at org.openqa.selenium.remote.RemoteWebDriver.get(RemoteWebDriver.java:297)
at com.browserstack.CloudDriverTest.invalidBSLogin(CloudDriverTest.java:75)
at java.base/java.util.ArrayList.forEach(ArrayList.java:1511)
... Removed 33 stack frames]]>
    </failure>
  </testcase> <!-- invalidBSLogin -->
  <testcase classname="com.browserstack.CloudDriverTest" name="invalidOpenLiveDashboard" time="0.082">
    <failure type="org.openqa.selenium.NoSuchSessionException" message="invalid session id
Build info: version: &amp;apos;4.9.1&amp;apos;, revision: &amp;apos;eb2032df7f&amp;apos;
System info: os.name: &amp;apos;Mac OS X&amp;apos;, os.arch: &amp;apos;aarch64&amp;apos;, os.version: &amp;apos;13.2.1&amp;apos;, java.version: &amp;apos;19.0.2&amp;apos;
Driver info: org.openqa.selenium.remote.RemoteWebDriver
Command: [2c50f399c776f5aa7a0aeaa4f9f83c41f712c542, findElement {using=xpath, value= /html/body/div[1]/header/div/div/nav/ul[1]/li[1]/button}]
Capabilities {acceptInsecureCerts: false, browserName: chrome, browserVersion: 113.0.5672.64, chrome: {chromedriverVersion: 113.0.5672.24 (65f30d4e8051..., userDataDir: C:\Windows\proxy\scoped_dir...}, goog:chromeOptions: {debuggerAddress: localhost:3213}, networkConnectionEnabled: false, pageLoadStrategy: normal, platformName: windows, proxy: Proxy(), se:cdpVersion: 113.0.5672.64, setWindowRect: true, strictFileInteractability: false, timeouts: {implicit: 0, pageLoad: 300000, script: 30000}, unhandledPromptBehavior: dismiss and notify, webauthn:extension:credBlob: true, webauthn:extension:largeBlob: true, webauthn:extension:minPinLength: true, webauthn:extension:prf: true, webauthn:virtualAuthenticators: true}
Session ID: 2c50f399c776f5aa7a0aeaa4f9f83c41f712c542">
      <![CDATA[org.openqa.selenium.NoSuchSessionException: invalid session id
Build info: version: '4.9.1', revision: 'eb2032df7f'
System info: os.name: 'Mac OS X', os.arch: 'aarch64', os.version: '13.2.1', java.version: '19.0.2'
Driver info: org.openqa.selenium.remote.RemoteWebDriver
Command: [2c50f399c776f5aa7a0aeaa4f9f83c41f712c542, findElement {using=xpath, value= /html/body/div[1]/header/div/div/nav/ul[1]/li[1]/button}]
Capabilities {acceptInsecureCerts: false, browserName: chrome, browserVersion: 113.0.5672.64, chrome: {chromedriverVersion: 113.0.5672.24 (65f30d4e8051..., userDataDir: C:\Windows\proxy\scoped_dir...}, goog:chromeOptions: {debuggerAddress: localhost:3213}, networkConnectionEnabled: false, pageLoadStrategy: normal, platformName: windows, proxy: Proxy(), se:cdpVersion: 113.0.5672.64, setWindowRect: true, strictFileInteractability: false, timeouts: {implicit: 0, pageLoad: 300000, script: 30000}, unhandledPromptBehavior: dismiss and notify, webauthn:extension:credBlob: true, webauthn:extension:largeBlob: true, webauthn:extension:minPinLength: true, webauthn:extension:prf: true, webauthn:virtualAuthenticators: true}
Session ID: 2c50f399c776f5aa7a0aeaa4f9f83c41f712c542
at org.openqa.selenium.remote.codec.w3c.W3CHttpResponseCodec.createException(W3CHttpResponseCodec.java:200)
at org.openqa.selenium.remote.codec.w3c.W3CHttpResponseCodec.decode(W3CHttpResponseCodec.java:133)
at org.openqa.selenium.remote.codec.w3c.W3CHttpResponseCodec.decode(W3CHttpResponseCodec.java:53)
at org.openqa.selenium.remote.HttpCommandExecutor.execute(HttpCommandExecutor.java:193)
at org.openqa.selenium.remote.TracedCommandExecutor.execute(TracedCommandExecutor.java:51)
at org.openqa.selenium.remote.RemoteWebDriver.execute(RemoteWebDriver.java:543)
at org.openqa.selenium.remote.ElementLocation$ElementFinder$2.findElement(ElementLocation.java:162)
at org.openqa.selenium.remote.ElementLocation.findElement(ElementLocation.java:60)
at org.openqa.selenium.remote.RemoteWebDriver.findElement(RemoteWebDriver.java:352)
at org.openqa.selenium.remote.RemoteWebDriver.findElement(RemoteWebDriver.java:344)
at com.browserstack.CloudDriverTest.invalidOpenLiveDashboard(CloudDriverTest.java:87)
at java.base/java.util.ArrayList.forEach(ArrayList.java:1511)
... Removed 33 stack frames]]>
    </failure>
  </testcase> <!-- invalidOpenLiveDashboard -->
  <testcase classname="com.browserstack.CloudDriverTest" name="invalidOpenBrowserFromLive" time="0.079">
    <failure type="org.openqa.selenium.NoSuchSessionException" message="invalid session id
Build info: version: &amp;apos;4.9.1&amp;apos;, revision: &amp;apos;eb2032df7f&amp;apos;
System info: os.name: &amp;apos;Mac OS X&amp;apos;, os.arch: &amp;apos;aarch64&amp;apos;, os.version: &amp;apos;13.2.1&amp;apos;, java.version: &amp;apos;19.0.2&amp;apos;
Driver info: org.openqa.selenium.remote.RemoteWebDriver
Command: [2c50f399c776f5aa7a0aeaa4f9f83c41f712c542, findElement {using=xpath, value=//*[@id=&amp;quot;platform-list-react&amp;quot;]/div/div[2]/div/div[2]/div[3]/div[1]/div[1]/div/div}]
Capabilities {acceptInsecureCerts: false, browserName: chrome, browserVersion: 113.0.5672.64, chrome: {chromedriverVersion: 113.0.5672.24 (65f30d4e8051..., userDataDir: C:\Windows\proxy\scoped_dir...}, goog:chromeOptions: {debuggerAddress: localhost:3213}, networkConnectionEnabled: false, pageLoadStrategy: normal, platformName: windows, proxy: Proxy(), se:cdpVersion: 113.0.5672.64, setWindowRect: true, strictFileInteractability: false, timeouts: {implicit: 0, pageLoad: 300000, script: 30000}, unhandledPromptBehavior: dismiss and notify, webauthn:extension:credBlob: true, webauthn:extension:largeBlob: true, webauthn:extension:minPinLength: true, webauthn:extension:prf: true, webauthn:virtualAuthenticators: true}
Session ID: 2c50f399c776f5aa7a0aeaa4f9f83c41f712c542">
      <![CDATA[org.openqa.selenium.NoSuchSessionException: invalid session id
Build info: version: '4.9.1', revision: 'eb2032df7f'
System info: os.name: 'Mac OS X', os.arch: 'aarch64', os.version: '13.2.1', java.version: '19.0.2'
Driver info: org.openqa.selenium.remote.RemoteWebDriver
Command: [2c50f399c776f5aa7a0aeaa4f9f83c41f712c542, findElement {using=xpath, value=//*[@id="platform-list-react"]/div/div[2]/div/div[2]/div[3]/div[1]/div[1]/div/div}]
Capabilities {acceptInsecureCerts: false, browserName: chrome, browserVersion: 113.0.5672.64, chrome: {chromedriverVersion: 113.0.5672.24 (65f30d4e8051..., userDataDir: C:\Windows\proxy\scoped_dir...}, goog:chromeOptions: {debuggerAddress: localhost:3213}, networkConnectionEnabled: false, pageLoadStrategy: normal, platformName: windows, proxy: Proxy(), se:cdpVersion: 113.0.5672.64, setWindowRect: true, strictFileInteractability: false, timeouts: {implicit: 0, pageLoad: 300000, script: 30000}, unhandledPromptBehavior: dismiss and notify, webauthn:extension:credBlob: true, webauthn:extension:largeBlob: true, webauthn:extension:minPinLength: true, webauthn:extension:prf: true, webauthn:virtualAuthenticators: true}
Session ID: 2c50f399c776f5aa7a0aeaa4f9f83c41f712c542
at org.openqa.selenium.remote.codec.w3c.W3CHttpResponseCodec.createException(W3CHttpResponseCodec.java:200)
at org.openqa.selenium.remote.codec.w3c.W3CHttpResponseCodec.decode(W3CHttpResponseCodec.java:133)
at org.openqa.selenium.remote.codec.w3c.W3CHttpResponseCodec.decode(W3CHttpResponseCodec.java:53)
at org.openqa.selenium.remote.HttpCommandExecutor.execute(HttpCommandExecutor.java:193)
at org.openqa.selenium.remote.TracedCommandExecutor.execute(TracedCommandExecutor.java:51)
at org.openqa.selenium.remote.RemoteWebDriver.execute(RemoteWebDriver.java:543)
at org.openqa.selenium.remote.ElementLocation$ElementFinder$2.findElement(ElementLocation.java:162)
at org.openqa.selenium.remote.ElementLocation.findElement(ElementLocation.java:60)
at org.openqa.selenium.remote.RemoteWebDriver.findElement(RemoteWebDriver.java:352)
at org.openqa.selenium.remote.RemoteWebDriver.findElement(RemoteWebDriver.java:344)
at com.browserstack.CloudDriverTest.invalidOpenBrowserFromLive(CloudDriverTest.java:98)
at java.base/java.util.ArrayList.forEach(ArrayList.java:1511)
... Removed 33 stack frames]]>
    </failure>
  </testcase> <!-- invalidOpenBrowserFromLive -->
</testsuite> <!-- Surefire test -->
